# JRE version: OpenJDK Runtime Environment (8.0_91-b14) (build 1.8.0_91-8u91-b14-3ubuntu1~16.04.1-b14)
# Java VM: OpenJDK 64-Bit Server VM (25.91-b14 mixed mode linux-amd64 compressed oops)
Heap:
 PSYoungGen      total 139264K, used 139232K [0x000000076ce00000, 0x0000000776000000, 0x00000007c0000000)
  eden space 129024K, 100% used [0x000000076ce00000,0x0000000774c00000,0x0000000774c00000)
  from space 10240K, 99% used [0x0000000775600000,0x0000000775ff8020,0x0000000776000000)
  to   space 10240K, 40% used [0x0000000774c00000,0x000000077500c030,0x0000000775600000)
 ParOldGen       total 171008K, used 8081K [0x00000006c6a00000, 0x00000006d1100000, 0x000000076ce00000)
  object space 171008K, 4% used [0x00000006c6a00000,0x00000006c71e4578,0x00000006d1100000)
 Metaspace       used 11664K, capacity 12163K, committed 12416K, reserved 1058816K
  class space    used 2397K, capacity 2416K, committed 2432K, reserved 1048576K
GC Heap History (5 events):
Event: 1,247 GC heap before
{Heap before GC invocations=1 (full 0):
 PSYoungGen      total 74752K, used 61647K [0x000000076ce00000, 0x0000000772100000, 0x00000007c0000000)
  eden space 64512K, 95% used [0x000000076ce00000,0x0000000770a33c40,0x0000000770d00000)
  from space 10240K, 0% used [0x0000000771700000,0x0000000771700000,0x0000000772100000)
  to   space 10240K, 0% used [0x0000000770d00000,0x0000000770d00000,0x0000000771700000)
 ParOldGen       total 171008K, used 0K [0x00000006c6a00000, 0x00000006d1100000, 0x000000076ce00000)
  object space 171008K, 0% used [0x00000006c6a00000,0x00000006c6a00000,0x00000006d1100000)
 Metaspace       used 11541K, capacity 12099K, committed 12160K, reserved 1058816K
  class space    used 2393K, capacity 2416K, committed 2432K, reserved 1048576K
Event: 1,272 GC heap after
Heap after GC invocations=1 (full 0):
 PSYoungGen      total 74752K, used 10224K [0x000000076ce00000, 0x0000000776000000, 0x00000007c0000000)
  eden space 64512K, 0% used [0x000000076ce00000,0x000000076ce00000,0x0000000770d00000)
  from space 10240K, 99% used [0x0000000770d00000,0x00000007716fc030,0x0000000771700000)
  to   space 10240K, 0% used [0x0000000775600000,0x0000000775600000,0x0000000776000000)
 ParOldGen       total 171008K, used 7025K [0x00000006c6a00000, 0x00000006d1100000, 0x000000076ce00000)
  object space 171008K, 4% used [0x00000006c6a00000,0x00000006c70dc578,0x00000006d1100000)
 Metaspace       used 11541K, capacity 12099K, committed 12160K, reserved 1058816K
  class space    used 2393K, capacity 2416K, committed 2432K, reserved 1048576K
}
Event: 1,637 GC heap before
{Heap before GC invocations=2 (full 0):
 PSYoungGen      total 74752K, used 74736K [0x000000076ce00000, 0x0000000776000000, 0x00000007c0000000)
  eden space 64512K, 100% used [0x000000076ce00000,0x0000000770d00000,0x0000000770d00000)
  from space 10240K, 99% used [0x0000000770d00000,0x00000007716fc030,0x0000000771700000)
  to   space 10240K, 0% used [0x0000000775600000,0x0000000775600000,0x0000000776000000)
 ParOldGen       total 171008K, used 7025K [0x00000006c6a00000, 0x00000006d1100000, 0x000000076ce00000)
  object space 171008K, 4% used [0x00000006c6a00000,0x00000006c70dc578,0x00000006d1100000)
 Metaspace       used 11663K, capacity 12163K, committed 12416K, reserved 1058816K
  class space    used 2397K, capacity 2416K, committed 2432K, reserved 1048576K
Event: 1,664 GC heap after
Heap after GC invocations=2 (full 0):
 PSYoungGen      total 139264K, used 10208K [0x000000076ce00000, 0x0000000776000000, 0x00000007c0000000)
  eden space 129024K, 0% used [0x000000076ce00000,0x000000076ce00000,0x0000000774c00000)
  from space 10240K, 99% used [0x0000000775600000,0x0000000775ff8020,0x0000000776000000)
  to   space 10240K, 0% used [0x0000000774c00000,0x0000000774c00000,0x0000000775600000)
 ParOldGen       total 171008K, used 8081K [0x00000006c6a00000, 0x00000006d1100000, 0x000000076ce00000)
  object space 171008K, 4% used [0x00000006c6a00000,0x00000006c71e4578,0x00000006d1100000)
 Metaspace       used 11663K, capacity 12163K, committed 12416K, reserved 1058816K
  class space    used 2397K, capacity 2416K, committed 2432K, reserved 1048576K
}
Event: 2,116 GC heap before
{Heap before GC invocations=3 (full 0):
 PSYoungGen      total 139264K, used 139232K [0x000000076ce00000, 0x0000000776000000, 0x00000007c0000000)
  eden space 129024K, 100% used [0x000000076ce00000,0x0000000774c00000,0x0000000774c00000)
  from space 10240K, 99% used [0x0000000775600000,0x0000000775ff8020,0x0000000776000000)
  to   space 10240K, 0% used [0x0000000774c00000,0x0000000774c00000,0x0000000775600000)
 ParOldGen       total 171008K, used 8081K [0x00000006c6a00000, 0x00000006d1100000, 0x000000076ce00000)
  object space 171008K, 4% used [0x00000006c6a00000,0x00000006c71e4578,0x00000006d1100000)
 Metaspace       used 11664K, capacity 12163K, committed 12416K, reserved 1058816K
  class space    used 2397K, capacity 2416K, committed 2432K, reserved 1048576K

